<?xml version="1.0" encoding="UTF-8"?>
<testng-results ignored="0" total="6" passed="6" failed="0" skipped="0">
  <reporter-output>
  </reporter-output>
  <suite started-at="2025-01-12T18:54:32 IST" name="Suite" finished-at="2025-01-12T18:55:04 IST" duration-ms="32801">
    <groups>
    </groups>
    <test started-at="2025-01-12T18:54:32 IST" name="Testc" finished-at="2025-01-12T18:55:01 IST" duration-ms="29403">
      <class name="testcases.Test1">
        <test-method is-config="true" signature="su(java.lang.String)[pri:0, instance:testcases.Test1@7fa98a66]" started-at="2025-01-12T18:54:32 IST" name="su" finished-at="2025-01-12T18:54:41 IST" duration-ms="9532" status="PASS">
          <params>
            <param index="0">
              <value>
                <![CDATA[chrome]]>
              </value>
            </param>
          </params>
          <reporter-output>
          </reporter-output>
        </test-method> <!-- su -->
        <test-method signature="m1()[pri:0, instance:testcases.Test1@7fa98a66]" started-at="2025-01-12T18:54:41 IST" name="m1" finished-at="2025-01-12T18:54:44 IST" duration-ms="2963" status="PASS">
          <reporter-output>
          </reporter-output>
        </test-method> <!-- m1 -->
        <test-method signature="m2()[pri:0, instance:testcases.Test1@7fa98a66]" started-at="2025-01-12T18:54:44 IST" name="m2" finished-at="2025-01-12T18:54:47 IST" duration-ms="2850" status="PASS">
          <reporter-output>
          </reporter-output>
        </test-method> <!-- m2 -->
        <test-method signature="m3()[pri:0, instance:testcases.Test1@7fa98a66]" started-at="2025-01-12T18:54:47 IST" name="m3" finished-at="2025-01-12T18:54:59 IST" duration-ms="12107" status="PASS">
          <reporter-output>
          </reporter-output>
        </test-method> <!-- m3 -->
        <test-method is-config="true" signature="teardown()[pri:0, instance:testcases.Test1@7fa98a66]" started-at="2025-01-12T18:54:59 IST" name="teardown" finished-at="2025-01-12T18:55:01 IST" duration-ms="1815" status="PASS">
          <reporter-output>
          </reporter-output>
        </test-method> <!-- teardown -->
      </class> <!-- testcases.Test1 -->
    </test> <!-- Testc -->
    <test started-at="2025-01-12T18:54:32 IST" name="Testf" finished-at="2025-01-12T18:55:04 IST" duration-ms="32801">
      <class name="testcases.Test1">
        <test-method is-config="true" signature="su(java.lang.String)[pri:0, instance:testcases.Test1@436813f3]" started-at="2025-01-12T18:54:32 IST" name="su" finished-at="2025-01-12T18:54:48 IST" duration-ms="16669" status="PASS">
          <params>
            <param index="0">
              <value>
                <![CDATA[firefox]]>
              </value>
            </param>
          </params>
          <reporter-output>
          </reporter-output>
        </test-method> <!-- su -->
        <test-method signature="m1()[pri:0, instance:testcases.Test1@436813f3]" started-at="2025-01-12T18:54:48 IST" name="m1" finished-at="2025-01-12T18:54:52 IST" duration-ms="3226" status="PASS">
          <reporter-output>
          </reporter-output>
        </test-method> <!-- m1 -->
        <test-method signature="m2()[pri:0, instance:testcases.Test1@436813f3]" started-at="2025-01-12T18:54:52 IST" name="m2" finished-at="2025-01-12T18:54:54 IST" duration-ms="2838" status="PASS">
          <reporter-output>
          </reporter-output>
        </test-method> <!-- m2 -->
        <test-method signature="m3()[pri:0, instance:testcases.Test1@436813f3]" started-at="2025-01-12T18:54:54 IST" name="m3" finished-at="2025-01-12T18:55:02 IST" duration-ms="7850" status="PASS">
          <reporter-output>
          </reporter-output>
        </test-method> <!-- m3 -->
        <test-method is-config="true" signature="teardown()[pri:0, instance:testcases.Test1@436813f3]" started-at="2025-01-12T18:55:02 IST" name="teardown" finished-at="2025-01-12T18:55:04 IST" duration-ms="2119" status="PASS">
          <reporter-output>
          </reporter-output>
        </test-method> <!-- teardown -->
      </class> <!-- testcases.Test1 -->
    </test> <!-- Testf -->
  </suite> <!-- Suite -->
</testng-results>
