<?xml version="1.0" encoding="UTF-8"?>
<testng-results ignored="0" total="1" passed="1" failed="0" skipped="0">
  <reporter-output>
  </reporter-output>
  <suite started-at="2025-01-07T10:44:22 IST" name="Default suite" finished-at="2025-01-07T10:44:22 IST" duration-ms="262">
    <groups>
    </groups>
    <test started-at="2025-01-07T10:44:22 IST" name="Default test" finished-at="2025-01-07T10:44:22 IST" duration-ms="262">
      <class name="config.StartStop">
        <test-method signature="start()[pri:0, instance:config.StartStop@35d019a3]" started-at="2025-01-07T10:44:22 IST" name="start" finished-at="2025-01-07T10:44:22 IST" duration-ms="107" status="PASS">
          <reporter-output>
          </reporter-output>
        </test-method> <!-- start -->
      </class> <!-- config.StartStop -->
    </test> <!-- Default test -->
  </suite> <!-- Default suite -->
</testng-results>
